05-Oct-21 12:04:09 - Parsed 50 tenders for customer
05-Oct-21 12:04:19 - Parsed 50 tenders for customer
05-Oct-21 12:04:26 - Parsed 50 tenders for customer
05-Oct-21 12:04:36 - Parsed 50 tenders for customer
05-Oct-21 12:04:46 - Parsed 50 tenders for customer
05-Oct-21 12:04:55 - Parsed 50 tenders for customer
05-Oct-21 12:04:58 - Parsed 50 tenders for customer
05-Oct-21 12:05:01 - Parsed 2 tenders for customer
05-Oct-21 12:05:05 - Parsed 23 tenders for customer
05-Oct-21 12:05:05 - File D:\USERDATA\Documents\4git\tenders\out\05-10-2021_12-05_zg_139.xlsx was successfully saved
05-Oct-21 12:05:12 - File was sended to ['139@rinova.ru'], blind copy: 105@di01.ru
05-Oct-21 12:05:12 - ==============================================
08-Oct-21 10:00:12 - Parsed 50 tenders for customer
08-Oct-21 10:00:23 - Parsed 50 tenders for customer
08-Oct-21 10:00:29 - Parsed 50 tenders for customer
08-Oct-21 10:00:32 - Parsed 50 tenders for customer
08-Oct-21 10:00:34 - Parsed 50 tenders for customer
08-Oct-21 10:00:37 - Parsed 50 tenders for customer
08-Oct-21 10:00:39 - Parsed 50 tenders for customer
08-Oct-21 10:00:41 - Parsed 13 tenders for customer
08-Oct-21 10:00:45 - Parsed 18 tenders for customer
08-Oct-21 10:00:45 - File D:\USERDATA\Documents\4git\tenders\out\08-10-2021_10-00_zg_139.xlsx was successfully saved
08-Oct-21 10:00:52 - File was sended to ['139@rinova.ru'], blind copy: 105@di01.ru
08-Oct-21 10:00:52 - ==============================================
11-Oct-21 10:00:08 - Parsed 50 tenders for customer
11-Oct-21 10:00:15 - Parsed 50 tenders for customer
11-Oct-21 10:00:19 - Parsed 50 tenders for customer
11-Oct-21 10:00:22 - Parsed 50 tenders for customer
11-Oct-21 10:00:28 - Parsed 50 tenders for customer
11-Oct-21 10:00:33 - Parsed 50 tenders for customer
11-Oct-21 10:00:38 - Parsed 50 tenders for customer
11-Oct-21 10:00:42 - Parsed 14 tenders for customer
11-Oct-21 10:00:46 - Parsed 18 tenders for customer
11-Oct-21 10:00:46 - File D:\USERDATA\Documents\4git\tenders\out\11-10-2021_10-00_zg_139.xlsx was successfully saved
11-Oct-21 10:00:52 - File was sended to ['139@rinova.ru'], blind copy: 105@di01.ru
11-Oct-21 10:00:52 - ==============================================
12-Oct-21 10:00:08 - Parsed 50 tenders for customer
12-Oct-21 10:00:15 - Parsed 50 tenders for customer
12-Oct-21 10:00:19 - Parsed 50 tenders for customer
12-Oct-21 10:00:25 - Parsed 50 tenders for customer
12-Oct-21 10:00:28 - Parsed 50 tenders for customer
12-Oct-21 10:00:33 - Parsed 50 tenders for customer
12-Oct-21 10:00:36 - Parsed 50 tenders for customer
12-Oct-21 10:00:38 - Parsed 4 tenders for customer
12-Oct-21 10:00:39 - Parsed 17 tenders for customer
12-Oct-21 10:00:39 - File D:\USERDATA\Documents\4git\tenders\out\12-10-2021_10-00_zg_139.xlsx was successfully saved
12-Oct-21 10:00:41 - File was sended to ['139@rinova.ru'], blind copy: 105@di01.ru
12-Oct-21 10:00:41 - ==============================================
13-Oct-21 10:00:13 - Parsed 50 tenders for customer
13-Oct-21 10:00:17 - Parsed 50 tenders for customer
13-Oct-21 10:00:23 - Parsed 50 tenders for customer
13-Oct-21 10:00:30 - Parsed 50 tenders for customer
13-Oct-21 10:00:37 - Parsed 50 tenders for customer
13-Oct-21 10:00:41 - Parsed 50 tenders for customer
13-Oct-21 10:00:48 - Parsed 18 tenders for customer
13-Oct-21 10:00:54 - Parsed 12 tenders for customer
13-Oct-21 10:01:07 - Parsed 50 tenders for customer
13-Oct-21 10:01:15 - Parsed 50 tenders for customer
13-Oct-21 10:01:32 - Parsed 50 tenders for customer
13-Oct-21 10:01:34 - Parsed 37 tenders for customer
13-Oct-21 10:01:45 - Parsed 50 tenders for customer
13-Oct-21 10:01:53 - Parsed 50 tenders for customer
13-Oct-21 10:02:03 - Parsed 50 tenders for customer
13-Oct-21 10:02:12 - Parsed 50 tenders for customer
13-Oct-21 10:02:23 - Parsed 50 tenders for customer
13-Oct-21 10:02:30 - Parsed 50 tenders for customer
13-Oct-21 10:02:39 - Parsed 50 tenders for customer
13-Oct-21 10:02:47 - Parsed 50 tenders for customer
13-Oct-21 10:02:58 - Parsed 50 tenders for customer
13-Oct-21 10:03:09 - Parsed 50 tenders for customer
13-Oct-21 10:03:16 - Parsed 50 tenders for customer
13-Oct-21 10:03:23 - Parsed 50 tenders for customer
13-Oct-21 10:03:33 - Parsed 50 tenders for customer
13-Oct-21 10:03:36 - Parsed 50 tenders for customer
13-Oct-21 10:03:39 - Parsed 50 tenders for customer
13-Oct-21 10:03:42 - Parsed 50 tenders for customer
13-Oct-21 10:03:48 - Parsed 29 tenders for customer
13-Oct-21 10:03:51 - Parsed 50 tenders for customer
13-Oct-21 10:03:55 - Parsed 50 tenders for customer
13-Oct-21 10:04:01 - Parsed 50 tenders for customer
13-Oct-21 10:04:04 - Parsed 50 tenders for customer
13-Oct-21 10:04:10 - Parsed 50 tenders for customer
13-Oct-21 10:04:13 - Parsed 50 tenders for customer
13-Oct-21 10:04:23 - Parsed 50 tenders for customer
13-Oct-21 10:04:30 - Parsed 50 tenders for customer
13-Oct-21 10:04:34 - Parsed 50 tenders for customer
13-Oct-21 10:04:38 - Parsed 50 tenders for customer
13-Oct-21 10:04:48 - Parsed 50 tenders for customer
13-Oct-21 10:04:52 - Parsed 50 tenders for customer
13-Oct-21 10:04:55 - Parsed 50 tenders for customer
13-Oct-21 10:05:01 - Parsed 26 tenders for customer
13-Oct-21 10:05:03 - Parsed 11 tenders for customer
13-Oct-21 10:05:07 - Parsed 26 tenders for customer
13-Oct-21 10:05:10 - Parsed 3 tenders for customer
13-Oct-21 10:05:14 - Parsed 50 tenders for customer
13-Oct-21 10:05:21 - Parsed 50 tenders for customer
13-Oct-21 10:05:26 - Parsed 50 tenders for customer
13-Oct-21 10:05:33 - Parsed 50 tenders for customer
13-Oct-21 10:05:39 - Parsed 50 tenders for customer
13-Oct-21 10:05:43 - Parsed 50 tenders for customer
13-Oct-21 10:05:48 - Parsed 50 tenders for customer
13-Oct-21 10:05:53 - Parsed 50 tenders for customer
13-Oct-21 10:05:59 - Parsed 50 tenders for customer
13-Oct-21 10:06:01 - Parsed 3 tenders for customer
13-Oct-21 10:06:01 - File D:\USERDATA\Documents\4git\tenders\out\13-10-2021_10-06_zg_139.xlsx was successfully saved
13-Oct-21 10:06:04 - File was sended to ['139@rinova.ru'], blind copy: 105@di01.ru
13-Oct-21 10:06:04 - ==============================================
14-Oct-21 10:00:11 - Parsed 50 tenders for customer
14-Oct-21 10:00:14 - Parsed 50 tenders for customer
14-Oct-21 10:00:18 - Parsed 50 tenders for customer
14-Oct-21 10:00:24 - Parsed 50 tenders for customer
14-Oct-21 10:00:31 - Parsed 50 tenders for customer
14-Oct-21 10:00:36 - Parsed 50 tenders for customer
14-Oct-21 10:00:38 - Parsed 10 tenders for customer
14-Oct-21 10:00:41 - Parsed 13 tenders for customer
14-Oct-21 10:00:45 - Parsed 50 tenders for customer
14-Oct-21 10:00:47 - Parsed 50 tenders for customer
14-Oct-21 10:00:52 - Parsed 50 tenders for customer
14-Oct-21 10:00:56 - Parsed 43 tenders for customer
14-Oct-21 10:01:03 - Parsed 50 tenders for customer
14-Oct-21 10:01:11 - Parsed 50 tenders for customer
14-Oct-21 10:01:14 - Parsed 50 tenders for customer
14-Oct-21 10:01:17 - Parsed 50 tenders for customer
14-Oct-21 10:01:20 - Parsed 50 tenders for customer
14-Oct-21 10:01:22 - Parsed 50 tenders for customer
14-Oct-21 10:01:28 - Parsed 50 tenders for customer
14-Oct-21 10:01:30 - Parsed 50 tenders for customer
14-Oct-21 10:01:36 - Parsed 50 tenders for customer
14-Oct-21 10:01:39 - Parsed 50 tenders for customer
14-Oct-21 10:01:44 - Parsed 50 tenders for customer
14-Oct-21 10:01:49 - Parsed 50 tenders for customer
14-Oct-21 10:01:54 - Parsed 50 tenders for customer
14-Oct-21 10:01:59 - Parsed 50 tenders for customer
14-Oct-21 10:02:04 - Parsed 50 tenders for customer
14-Oct-21 10:02:07 - Parsed 50 tenders for customer
14-Oct-21 10:02:10 - Parsed 37 tenders for customer
14-Oct-21 10:02:15 - Parsed 50 tenders for customer
14-Oct-21 10:02:20 - Parsed 50 tenders for customer
14-Oct-21 10:02:25 - Parsed 50 tenders for customer
14-Oct-21 10:02:28 - Parsed 50 tenders for customer
14-Oct-21 10:02:31 - Parsed 50 tenders for customer
14-Oct-21 10:02:36 - Parsed 50 tenders for customer
14-Oct-21 10:02:41 - Parsed 50 tenders for customer
14-Oct-21 10:02:46 - Parsed 50 tenders for customer
14-Oct-21 10:02:49 - Parsed 50 tenders for customer
14-Oct-21 10:02:54 - Parsed 50 tenders for customer
14-Oct-21 10:02:57 - Parsed 50 tenders for customer
14-Oct-21 10:03:02 - Parsed 50 tenders for customer
14-Oct-21 10:03:05 - Parsed 50 tenders for customer
14-Oct-21 10:03:10 - Parsed 34 tenders for customer
14-Oct-21 10:03:13 - Parsed 10 tenders for customer
14-Oct-21 10:03:16 - Parsed 28 tenders for customer
14-Oct-21 10:03:18 - Parsed 4 tenders for customer
14-Oct-21 10:03:21 - Parsed 50 tenders for customer
14-Oct-21 10:03:24 - Parsed 50 tenders for customer
14-Oct-21 10:03:26 - Parsed 50 tenders for customer
14-Oct-21 10:03:31 - Parsed 50 tenders for customer
14-Oct-21 10:03:36 - Parsed 50 tenders for customer
14-Oct-21 10:03:39 - Parsed 50 tenders for customer
14-Oct-21 10:03:41 - Parsed 50 tenders for customer
14-Oct-21 10:03:44 - Parsed 50 tenders for customer
14-Oct-21 10:03:48 - Parsed 50 tenders for customer
14-Oct-21 10:03:50 - Parsed 14 tenders for customer
14-Oct-21 10:03:50 - File D:\USERDATA\Documents\4git\tenders\out\14-10-2021_10-03_zg_139.xlsx was successfully saved
14-Oct-21 10:03:53 - File was sended to ['139@rinova.ru'], blind copy: 105@di01.ru
14-Oct-21 10:03:53 - ==============================================
15-Oct-21 10:00:13 - Parsed 50 tenders for customer
15-Oct-21 10:00:17 - Parsed 50 tenders for customer
15-Oct-21 10:00:20 - Parsed 50 tenders for customer
15-Oct-21 10:00:23 - Parsed 50 tenders for customer
15-Oct-21 10:00:26 - Parsed 50 tenders for customer
15-Oct-21 10:00:31 - Parsed 50 tenders for customer
15-Oct-21 10:00:36 - Parsed 18 tenders for customer
15-Oct-21 10:00:40 - Parsed 13 tenders for customer
15-Oct-21 10:00:45 - Parsed 50 tenders for customer
15-Oct-21 10:00:48 - Parsed 50 tenders for customer
15-Oct-21 10:00:50 - Parsed 50 tenders for customer
15-Oct-21 10:00:52 - Parsed 39 tenders for customer
15-Oct-21 10:01:00 - Parsed 50 tenders for customer
15-Oct-21 10:01:09 - Parsed 50 tenders for customer
15-Oct-21 10:01:14 - Parsed 50 tenders for customer
15-Oct-21 10:01:17 - Parsed 50 tenders for customer
15-Oct-21 10:01:23 - Parsed 50 tenders for customer
15-Oct-21 10:01:26 - Parsed 50 tenders for customer
15-Oct-21 10:01:28 - Parsed 50 tenders for customer
15-Oct-21 10:01:31 - Parsed 50 tenders for customer
15-Oct-21 10:01:37 - Parsed 50 tenders for customer
15-Oct-21 10:01:40 - Parsed 50 tenders for customer
15-Oct-21 10:01:43 - Parsed 50 tenders for customer
15-Oct-21 10:01:46 - Parsed 50 tenders for customer
15-Oct-21 10:01:51 - Parsed 50 tenders for customer
15-Oct-21 10:01:54 - Parsed 50 tenders for customer
15-Oct-21 10:01:57 - Parsed 50 tenders for customer
15-Oct-21 10:02:02 - Parsed 50 tenders for customer
15-Oct-21 10:02:05 - Parsed 50 tenders for customer
15-Oct-21 10:02:08 - Parsed 22 tenders for customer
15-Oct-21 10:02:13 - Parsed 50 tenders for customer
15-Oct-21 10:02:18 - Parsed 50 tenders for customer
15-Oct-21 10:02:23 - Parsed 50 tenders for customer
15-Oct-21 10:02:29 - Parsed 50 tenders for customer
15-Oct-21 10:02:32 - Parsed 50 tenders for customer
15-Oct-21 10:02:37 - Parsed 50 tenders for customer
15-Oct-21 10:02:40 - Parsed 50 tenders for customer
15-Oct-21 10:02:45 - Parsed 50 tenders for customer
15-Oct-21 10:02:47 - Parsed 50 tenders for customer
15-Oct-21 10:02:54 - Parsed 50 tenders for customer
15-Oct-21 10:02:57 - Parsed 50 tenders for customer
15-Oct-21 10:03:02 - Parsed 50 tenders for customer
15-Oct-21 10:03:05 - Parsed 50 tenders for customer
15-Oct-21 10:03:09 - Parsed 50 tenders for customer
15-Oct-21 10:03:12 - Parsed 21 tenders for customer
15-Oct-21 10:03:16 - Parsed 11 tenders for customer
15-Oct-21 10:03:21 - Parsed 26 tenders for customer
15-Oct-21 10:03:25 - Parsed 4 tenders for customer
15-Oct-21 10:03:28 - Parsed 50 tenders for customer
15-Oct-21 10:03:34 - Parsed 50 tenders for customer
15-Oct-21 10:03:37 - Parsed 50 tenders for customer
15-Oct-21 10:03:40 - Parsed 50 tenders for customer
15-Oct-21 10:03:45 - Parsed 50 tenders for customer
15-Oct-21 10:03:48 - Parsed 50 tenders for customer
15-Oct-21 10:03:50 - Parsed 50 tenders for customer
15-Oct-21 10:03:55 - Parsed 50 tenders for customer
15-Oct-21 10:03:57 - Parsed 50 tenders for customer
15-Oct-21 10:04:02 - Parsed 30 tenders for customer
15-Oct-21 10:04:02 - File D:\USERDATA\Documents\4git\tenders\out\15-10-2021_10-04_zg_139.xlsx was successfully saved
15-Oct-21 10:04:05 - File was sended to ['139@rinova.ru'], blind copy: 105@di01.ru
15-Oct-21 10:04:05 - ==============================================
18-Oct-21 10:00:12 - Parsed 50 tenders for customer
18-Oct-21 10:00:15 - Parsed 50 tenders for customer
18-Oct-21 10:00:19 - Parsed 50 tenders for customer
18-Oct-21 10:00:25 - Parsed 50 tenders for customer
18-Oct-21 10:00:29 - Parsed 50 tenders for customer
18-Oct-21 10:00:33 - Parsed 50 tenders for customer
18-Oct-21 10:00:38 - Parsed 32 tenders for customer
18-Oct-21 10:00:40 - Parsed 13 tenders for customer
18-Oct-21 10:00:45 - Parsed 50 tenders for customer
18-Oct-21 10:00:47 - Parsed 50 tenders for customer
18-Oct-21 10:00:52 - Parsed 50 tenders for customer
18-Oct-21 10:00:57 - Parsed 49 tenders for customer
18-Oct-21 10:01:05 - Parsed 50 tenders for customer
18-Oct-21 10:01:10 - Parsed 50 tenders for customer
18-Oct-21 10:01:14 - Parsed 50 tenders for customer
18-Oct-21 10:01:17 - Parsed 50 tenders for customer
18-Oct-21 10:01:20 - Parsed 50 tenders for customer
18-Oct-21 10:01:25 - Parsed 50 tenders for customer
18-Oct-21 10:01:31 - Parsed 50 tenders for customer
18-Oct-21 10:01:36 - Parsed 50 tenders for customer
18-Oct-21 10:01:39 - Parsed 50 tenders for customer
18-Oct-21 10:01:42 - Parsed 50 tenders for customer
18-Oct-21 10:01:46 - Parsed 50 tenders for customer
18-Oct-21 10:01:49 - Parsed 50 tenders for customer
18-Oct-21 10:01:57 - Parsed 50 tenders for customer
18-Oct-21 10:02:01 - Parsed 50 tenders for customer
18-Oct-21 10:02:05 - Parsed 50 tenders for customer
18-Oct-21 10:02:08 - Parsed 50 tenders for customer
18-Oct-21 10:02:13 - Parsed 50 tenders for customer
18-Oct-21 10:02:16 - Parsed 31 tenders for customer
18-Oct-21 10:02:21 - Parsed 50 tenders for customer
18-Oct-21 10:02:24 - Parsed 50 tenders for customer
18-Oct-21 10:02:27 - Parsed 50 tenders for customer
18-Oct-21 10:02:29 - Parsed 50 tenders for customer
18-Oct-21 10:02:32 - Parsed 50 tenders for customer
18-Oct-21 10:02:38 - Parsed 50 tenders for customer
18-Oct-21 10:02:43 - Parsed 50 tenders for customer
18-Oct-21 10:02:46 - Parsed 50 tenders for customer
18-Oct-21 10:02:49 - Parsed 50 tenders for customer
18-Oct-21 10:02:54 - Parsed 50 tenders for customer
18-Oct-21 10:02:59 - Parsed 50 tenders for customer
18-Oct-21 10:03:02 - Parsed 50 tenders for customer
18-Oct-21 10:03:04 - Parsed 50 tenders for customer
18-Oct-21 10:03:09 - Parsed 50 tenders for customer
18-Oct-21 10:03:12 - Parsed 28 tenders for customer
18-Oct-21 10:03:14 - Parsed 13 tenders for customer
18-Oct-21 10:03:16 - Parsed 25 tenders for customer
18-Oct-21 10:03:18 - Parsed 5 tenders for customer
18-Oct-21 10:03:23 - Parsed 50 tenders for customer
18-Oct-21 10:03:26 - Parsed 50 tenders for customer
18-Oct-21 10:03:28 - Parsed 50 tenders for customer
18-Oct-21 10:03:33 - Parsed 50 tenders for customer
18-Oct-21 10:03:38 - Parsed 50 tenders for customer
18-Oct-21 10:03:41 - Parsed 50 tenders for customer
18-Oct-21 10:03:44 - Parsed 50 tenders for customer
18-Oct-21 10:03:49 - Parsed 50 tenders for customer
18-Oct-21 10:03:54 - Parsed 50 tenders for customer
18-Oct-21 10:03:57 - Parsed 32 tenders for customer
18-Oct-21 10:03:57 - File D:\USERDATA\Documents\4git\tenders\out\18-10-2021_10-03_zg_139.xlsx was successfully saved
18-Oct-21 10:04:04 - File was sended to ['139@rinova.ru'], blind copy: 105@di01.ru
18-Oct-21 10:04:04 - ==============================================
19-Oct-21 10:00:09 - Parsed 50 tenders for customer
19-Oct-21 10:00:17 - Parsed 50 tenders for customer
19-Oct-21 10:00:24 - Parsed 50 tenders for customer
19-Oct-21 10:00:31 - Parsed 50 tenders for customer
19-Oct-21 10:00:37 - Parsed 50 tenders for customer
19-Oct-21 10:00:45 - Parsed 50 tenders for customer
19-Oct-21 10:00:52 - Parsed 37 tenders for customer
19-Oct-21 10:00:54 - Parsed 11 tenders for customer
19-Oct-21 10:00:57 - Parsed 50 tenders for customer
19-Oct-21 10:01:00 - Parsed 50 tenders for customer
19-Oct-21 10:01:03 - Parsed 50 tenders for customer
19-Oct-21 10:01:05 - Parsed 36 tenders for customer
19-Oct-21 10:01:10 - Parsed 50 tenders for customer
19-Oct-21 10:01:17 - Parsed 50 tenders for customer
19-Oct-21 10:01:19 - Parsed 50 tenders for customer
19-Oct-21 10:01:25 - Parsed 50 tenders for customer
19-Oct-21 10:01:30 - Parsed 50 tenders for customer
19-Oct-21 10:01:33 - Parsed 50 tenders for customer
19-Oct-21 10:01:39 - Parsed 50 tenders for customer
19-Oct-21 10:01:42 - Parsed 50 tenders for customer
19-Oct-21 10:01:47 - Parsed 50 tenders for customer
19-Oct-21 10:01:50 - Parsed 50 tenders for customer
19-Oct-21 10:01:56 - Parsed 50 tenders for customer
19-Oct-21 10:02:01 - Parsed 50 tenders for customer
19-Oct-21 10:02:04 - Parsed 50 tenders for customer
19-Oct-21 10:02:10 - Parsed 50 tenders for customer
19-Oct-21 10:02:13 - Parsed 50 tenders for customer
19-Oct-21 10:02:17 - Parsed 50 tenders for customer
19-Oct-21 10:02:19 - Parsed 50 tenders for customer
19-Oct-21 10:02:25 - Parsed 24 tenders for customer
19-Oct-21 10:02:29 - Parsed 50 tenders for customer
19-Oct-21 10:02:33 - Parsed 50 tenders for customer
19-Oct-21 10:02:38 - Parsed 50 tenders for customer
19-Oct-21 10:02:41 - Parsed 50 tenders for customer
19-Oct-21 10:02:44 - Parsed 50 tenders for customer
19-Oct-21 10:02:47 - Parsed 50 tenders for customer
19-Oct-21 10:02:50 - Parsed 50 tenders for customer
19-Oct-21 10:02:53 - Parsed 50 tenders for customer
19-Oct-21 10:02:58 - Parsed 50 tenders for customer
19-Oct-21 10:03:04 - Parsed 50 tenders for customer
19-Oct-21 10:03:07 - Parsed 50 tenders for customer
19-Oct-21 10:03:09 - Parsed 50 tenders for customer
19-Oct-21 10:03:12 - Parsed 50 tenders for customer
19-Oct-21 10:03:17 - Parsed 50 tenders for customer
19-Oct-21 10:03:20 - Parsed 10 tenders for customer
19-Oct-21 10:03:22 - Parsed 15 tenders for customer
19-Oct-21 10:03:24 - Parsed 26 tenders for customer
19-Oct-21 10:03:26 - Parsed 7 tenders for customer
19-Oct-21 10:03:28 - Parsed 50 tenders for customer
19-Oct-21 10:03:31 - Parsed 50 tenders for customer
19-Oct-21 10:03:34 - Parsed 50 tenders for customer
19-Oct-21 10:03:37 - Parsed 50 tenders for customer
19-Oct-21 10:03:42 - Parsed 50 tenders for customer
19-Oct-21 10:03:45 - Parsed 50 tenders for customer
19-Oct-21 10:03:50 - Parsed 50 tenders for customer
19-Oct-21 10:03:52 - Parsed 50 tenders for customer
19-Oct-21 10:03:55 - Parsed 50 tenders for customer
19-Oct-21 10:04:00 - Parsed 35 tenders for customer
19-Oct-21 10:04:00 - File D:\USERDATA\Documents\4git\tenders\out\19-10-2021_10-04_zg_139.xlsx was successfully saved
19-Oct-21 10:04:07 - File was sended to ['139@rinova.ru'], blind copy: 105@di01.ru
19-Oct-21 10:04:07 - ==============================================
20-Oct-21 10:00:09 - Parsed 50 tenders for customer
20-Oct-21 10:00:12 - Parsed 50 tenders for customer
20-Oct-21 10:00:16 - Parsed 50 tenders for customer
20-Oct-21 10:00:20 - Parsed 50 tenders for customer
20-Oct-21 10:00:27 - Parsed 50 tenders for customer
20-Oct-21 10:00:34 - Parsed 50 tenders for customer
20-Oct-21 10:00:40 - Parsed 50 tenders for customer
20-Oct-21 10:00:44 - Parsed 10 tenders for customer
20-Oct-21 10:00:50 - Parsed 50 tenders for customer
20-Oct-21 10:00:53 - Parsed 50 tenders for customer
20-Oct-21 10:01:02 - Parsed 50 tenders for customer
20-Oct-21 10:01:05 - Parsed 38 tenders for customer
20-Oct-21 10:01:15 - Parsed 50 tenders for customer
20-Oct-21 10:01:21 - Parsed 50 tenders for customer
20-Oct-21 10:01:24 - Parsed 50 tenders for customer
20-Oct-21 10:01:27 - Parsed 50 tenders for customer
20-Oct-21 10:01:33 - Parsed 50 tenders for customer
20-Oct-21 10:01:36 - Parsed 50 tenders for customer
20-Oct-21 10:01:39 - Parsed 50 tenders for customer
20-Oct-21 10:01:42 - Parsed 50 tenders for customer
20-Oct-21 10:01:46 - Parsed 50 tenders for customer
20-Oct-21 10:01:49 - Parsed 50 tenders for customer
20-Oct-21 10:01:51 - Parsed 50 tenders for customer
20-Oct-21 10:01:54 - Parsed 50 tenders for customer
20-Oct-21 10:02:00 - Parsed 50 tenders for customer
20-Oct-21 10:02:03 - Parsed 50 tenders for customer
20-Oct-21 10:02:06 - Parsed 50 tenders for customer
20-Oct-21 10:02:09 - Parsed 50 tenders for customer
20-Oct-21 10:02:13 - Parsed 50 tenders for customer
20-Oct-21 10:02:19 - Parsed 38 tenders for customer
20-Oct-21 10:02:22 - Parsed 50 tenders for customer
20-Oct-21 10:02:24 - Parsed 50 tenders for customer
20-Oct-21 10:02:29 - Parsed 50 tenders for customer
20-Oct-21 10:02:32 - Parsed 50 tenders for customer
20-Oct-21 10:02:34 - Parsed 50 tenders for customer
20-Oct-21 10:02:39 - Parsed 50 tenders for customer
20-Oct-21 10:02:41 - Parsed 50 tenders for customer
20-Oct-21 10:02:44 - Parsed 50 tenders for customer
20-Oct-21 10:02:47 - Parsed 50 tenders for customer
20-Oct-21 10:02:53 - Parsed 50 tenders for customer
20-Oct-21 10:03:00 - Parsed 50 tenders for customer
20-Oct-21 10:03:03 - Parsed 50 tenders for customer
20-Oct-21 10:03:09 - Parsed 50 tenders for customer
20-Oct-21 10:03:12 - Parsed 50 tenders for customer
20-Oct-21 10:03:17 - Parsed 17 tenders for customer
20-Oct-21 10:03:18 - Parsed 14 tenders for customer
20-Oct-21 10:03:22 - Parsed 23 tenders for customer
20-Oct-21 10:03:27 - Parsed 7 tenders for customer
20-Oct-21 10:03:30 - Parsed 50 tenders for customer
20-Oct-21 10:03:35 - Parsed 50 tenders for customer
20-Oct-21 10:03:38 - Parsed 50 tenders for customer
20-Oct-21 10:03:41 - Parsed 50 tenders for customer
20-Oct-21 10:03:44 - Parsed 50 tenders for customer
20-Oct-21 10:03:46 - Parsed 50 tenders for customer
20-Oct-21 10:03:51 - Parsed 50 tenders for customer
20-Oct-21 10:03:54 - Parsed 50 tenders for customer
20-Oct-21 10:03:59 - Parsed 50 tenders for customer
20-Oct-21 10:04:01 - Parsed 18 tenders for customer
20-Oct-21 10:04:02 - File D:\USERDATA\Documents\4git\tenders\out\20-10-2021_10-04_zg_139.xlsx was successfully saved
20-Oct-21 10:04:08 - File was sended to ['139@rinova.ru'], blind copy: 105@di01.ru
20-Oct-21 10:04:08 - ==============================================
21-Oct-21 10:00:11 - Parsed 50 tenders for customer
21-Oct-21 10:00:15 - Parsed 50 tenders for customer
21-Oct-21 10:00:22 - Parsed 50 tenders for customer
21-Oct-21 10:00:26 - Parsed 50 tenders for customer
21-Oct-21 10:00:32 - Parsed 50 tenders for customer
21-Oct-21 10:00:35 - Parsed 50 tenders for customer
21-Oct-21 10:00:40 - Parsed 50 tenders for customer
21-Oct-21 10:00:45 - Parsed 7 tenders for customer
21-Oct-21 10:00:48 - Parsed 13 tenders for customer
21-Oct-21 10:00:54 - Parsed 50 tenders for customer
21-Oct-21 10:00:57 - Parsed 50 tenders for customer
21-Oct-21 10:00:59 - Parsed 50 tenders for customer
21-Oct-21 10:01:03 - Parsed 37 tenders for customer
21-Oct-21 10:01:12 - Parsed 50 tenders for customer
21-Oct-21 10:01:18 - Parsed 50 tenders for customer
21-Oct-21 10:01:21 - Parsed 50 tenders for customer
21-Oct-21 10:01:24 - Parsed 50 tenders for customer
21-Oct-21 10:01:30 - Parsed 50 tenders for customer
21-Oct-21 10:01:33 - Parsed 50 tenders for customer
21-Oct-21 10:01:38 - Parsed 50 tenders for customer
21-Oct-21 10:01:41 - Parsed 50 tenders for customer
21-Oct-21 10:01:44 - Parsed 50 tenders for customer
21-Oct-21 10:01:47 - Parsed 50 tenders for customer
21-Oct-21 10:01:52 - Parsed 50 tenders for customer
21-Oct-21 10:01:58 - Parsed 50 tenders for customer
21-Oct-21 10:02:03 - Parsed 50 tenders for customer
21-Oct-21 10:02:09 - Parsed 50 tenders for customer
21-Oct-21 10:02:12 - Parsed 50 tenders for customer
21-Oct-21 10:02:17 - Parsed 50 tenders for customer
21-Oct-21 10:02:21 - Parsed 50 tenders for customer
21-Oct-21 10:02:24 - Parsed 50 tenders for customer
21-Oct-21 10:02:29 - Parsed 19 tenders for customer
21-Oct-21 10:02:51 - Parsed 50 tenders for customer
21-Oct-21 10:03:16 - Parsed 50 tenders for customer
21-Oct-21 10:03:19 - Parsed 50 tenders for customer
21-Oct-21 10:03:24 - Parsed 50 tenders for customer
21-Oct-21 10:03:27 - Parsed 50 tenders for customer
21-Oct-21 10:03:29 - Parsed 50 tenders for customer
21-Oct-21 10:03:32 - Parsed 50 tenders for customer
21-Oct-21 10:03:37 - Parsed 50 tenders for customer
21-Oct-21 10:03:43 - Parsed 50 tenders for customer
21-Oct-21 10:03:45 - Parsed 50 tenders for customer
21-Oct-21 10:03:48 - Parsed 50 tenders for customer
21-Oct-21 10:03:54 - Parsed 50 tenders for customer
21-Oct-21 10:03:58 - Parsed 50 tenders for customer
21-Oct-21 10:04:03 - Parsed 50 tenders for customer
21-Oct-21 10:04:09 - Parsed 47 tenders for customer
21-Oct-21 10:04:12 - Parsed 14 tenders for customer
21-Oct-21 10:04:18 - Parsed 22 tenders for customer
21-Oct-21 10:04:19 - Parsed 7 tenders for customer
21-Oct-21 10:04:31 - Parsed 50 tenders for customer
21-Oct-21 10:04:47 - Parsed 50 tenders for customer
21-Oct-21 10:04:49 - Parsed 50 tenders for customer
21-Oct-21 10:04:52 - Parsed 50 tenders for customer
21-Oct-21 10:04:55 - Parsed 50 tenders for customer
21-Oct-21 10:04:59 - Parsed 50 tenders for customer
21-Oct-21 10:05:04 - Parsed 50 tenders for customer
21-Oct-21 10:05:07 - Parsed 50 tenders for customer
21-Oct-21 10:05:11 - Parsed 50 tenders for customer
21-Oct-21 10:05:16 - Parsed 28 tenders for customer
21-Oct-21 10:05:17 - File D:\USERDATA\Documents\4git\tenders\out\21-10-2021_10-05_zg_139.xlsx was successfully saved
21-Oct-21 10:05:24 - File was sended to ['139@rinova.ru'], blind copy: 105@di01.ru
21-Oct-21 10:05:24 - ==============================================
22-Oct-21 10:00:12 - Parsed 50 tenders for customer
22-Oct-21 10:00:16 - Parsed 50 tenders for customer
22-Oct-21 10:00:23 - Parsed 50 tenders for customer
22-Oct-21 10:00:30 - Parsed 50 tenders for customer
22-Oct-21 10:00:36 - Parsed 50 tenders for customer
22-Oct-21 10:00:41 - Parsed 50 tenders for customer
22-Oct-21 10:00:47 - Parsed 50 tenders for customer
22-Oct-21 10:00:49 - Parsed 21 tenders for customer
22-Oct-21 10:00:53 - Parsed 16 tenders for customer
22-Oct-21 10:00:56 - Parsed 50 tenders for customer
22-Oct-21 10:01:01 - Parsed 50 tenders for customer
22-Oct-21 10:01:05 - Parsed 50 tenders for customer
22-Oct-21 10:01:09 - Parsed 33 tenders for customer
22-Oct-21 10:01:15 - Parsed 50 tenders for customer
22-Oct-21 10:01:23 - Parsed 50 tenders for customer
22-Oct-21 10:01:29 - Parsed 50 tenders for customer
22-Oct-21 10:01:34 - Parsed 50 tenders for customer
22-Oct-21 10:01:37 - Parsed 50 tenders for customer
22-Oct-21 10:01:42 - Parsed 50 tenders for customer
22-Oct-21 10:01:48 - Parsed 50 tenders for customer
22-Oct-21 10:01:51 - Parsed 50 tenders for customer
22-Oct-21 10:01:56 - Parsed 50 tenders for customer
22-Oct-21 10:01:59 - Parsed 50 tenders for customer
22-Oct-21 10:02:03 - Parsed 50 tenders for customer
22-Oct-21 10:02:06 - Parsed 50 tenders for customer
22-Oct-21 10:02:12 - Parsed 50 tenders for customer
22-Oct-21 10:02:18 - Parsed 50 tenders for customer
22-Oct-21 10:02:21 - Parsed 50 tenders for customer
22-Oct-21 10:02:24 - Parsed 50 tenders for customer
22-Oct-21 10:02:28 - Parsed 50 tenders for customer
22-Oct-21 10:02:33 - Parsed 50 tenders for customer
22-Oct-21 10:02:36 - Parsed 34 tenders for customer
22-Oct-21 10:02:39 - Parsed 50 tenders for customer
22-Oct-21 10:02:42 - Parsed 50 tenders for customer
22-Oct-21 10:02:45 - Parsed 50 tenders for customer
22-Oct-21 10:02:50 - Parsed 50 tenders for customer
22-Oct-21 10:02:55 - Parsed 50 tenders for customer
22-Oct-21 10:02:59 - Parsed 50 tenders for customer
22-Oct-21 10:03:05 - Parsed 50 tenders for customer
22-Oct-21 10:03:08 - Parsed 50 tenders for customer
22-Oct-21 10:03:14 - Parsed 50 tenders for customer
22-Oct-21 10:03:16 - Parsed 50 tenders for customer
22-Oct-21 10:03:21 - Parsed 50 tenders for customer
22-Oct-21 10:03:24 - Parsed 50 tenders for customer
22-Oct-21 10:03:27 - Parsed 50 tenders for customer
22-Oct-21 10:03:33 - Parsed 50 tenders for customer
22-Oct-21 10:03:38 - Parsed 50 tenders for customer
22-Oct-21 10:03:42 - Parsed 6 tenders for customer
22-Oct-21 10:03:44 - Parsed 17 tenders for customer
22-Oct-21 10:03:47 - Parsed 23 tenders for customer
22-Oct-21 10:03:48 - Parsed 7 tenders for customer
22-Oct-21 10:03:51 - Parsed 50 tenders for customer
22-Oct-21 10:03:57 - Parsed 50 tenders for customer
22-Oct-21 10:04:00 - Parsed 50 tenders for customer
22-Oct-21 10:04:08 - Parsed 50 tenders for customer
22-Oct-21 10:04:13 - Parsed 50 tenders for customer
22-Oct-21 10:04:16 - Parsed 50 tenders for customer
22-Oct-21 10:04:18 - Parsed 50 tenders for customer
22-Oct-21 10:04:21 - Parsed 50 tenders for customer
22-Oct-21 10:04:24 - Parsed 50 tenders for customer
22-Oct-21 10:04:28 - Parsed 7 tenders for customer
22-Oct-21 10:04:28 - File D:\USERDATA\Documents\4git\tenders\out\22-10-2021_10-04_zg_139.xlsx was successfully saved
22-Oct-21 10:04:35 - File was sended to ['139@rinova.ru'], blind copy: 105@di01.ru
22-Oct-21 10:04:35 - ==============================================
25-Oct-21 10:00:08 - Parsed 50 tenders for customer
25-Oct-21 10:00:12 - Parsed 50 tenders for customer
25-Oct-21 10:00:19 - Parsed 50 tenders for customer
25-Oct-21 10:00:23 - Parsed 50 tenders for customer
25-Oct-21 10:00:29 - Parsed 50 tenders for customer
25-Oct-21 10:00:32 - Parsed 50 tenders for customer
25-Oct-21 10:00:37 - Parsed 50 tenders for customer
25-Oct-21 10:00:40 - Parsed 21 tenders for customer
25-Oct-21 10:00:44 - Parsed 18 tenders for customer
25-Oct-21 10:00:48 - Parsed 50 tenders for customer
25-Oct-21 10:00:51 - Parsed 50 tenders for customer
25-Oct-21 10:00:56 - Parsed 50 tenders for customer
25-Oct-21 10:01:00 - Parsed 44 tenders for customer
25-Oct-21 10:01:06 - Parsed 50 tenders for customer
25-Oct-21 10:01:14 - Parsed 50 tenders for customer
25-Oct-21 10:01:19 - Parsed 50 tenders for customer
25-Oct-21 10:01:25 - Parsed 50 tenders for customer
25-Oct-21 10:01:31 - Parsed 50 tenders for customer
25-Oct-21 10:01:36 - Parsed 50 tenders for customer
25-Oct-21 10:01:39 - Parsed 50 tenders for customer
25-Oct-21 10:01:44 - Parsed 50 tenders for customer
25-Oct-21 10:01:47 - Parsed 50 tenders for customer
25-Oct-21 10:01:53 - Parsed 50 tenders for customer
25-Oct-21 10:01:59 - Parsed 50 tenders for customer
25-Oct-21 10:02:04 - Parsed 50 tenders for customer
25-Oct-21 10:02:10 - Parsed 50 tenders for customer
25-Oct-21 10:02:15 - Parsed 50 tenders for customer
25-Oct-21 10:02:18 - Parsed 50 tenders for customer
25-Oct-21 10:02:23 - Parsed 50 tenders for customer
25-Oct-21 10:02:28 - Parsed 50 tenders for customer
25-Oct-21 10:02:34 - Parsed 50 tenders for customer
25-Oct-21 10:02:39 - Parsed 50 tenders for customer
25-Oct-21 10:02:44 - Parsed 17 tenders for customer
25-Oct-21 10:02:47 - Parsed 50 tenders for customer
25-Oct-21 10:02:51 - Parsed 50 tenders for customer
25-Oct-21 10:02:54 - Parsed 50 tenders for customer
25-Oct-21 10:03:00 - Parsed 50 tenders for customer
25-Oct-21 10:03:04 - Parsed 50 tenders for customer
25-Oct-21 10:03:07 - Parsed 50 tenders for customer
25-Oct-21 10:03:12 - Parsed 50 tenders for customer
25-Oct-21 10:03:18 - Parsed 50 tenders for customer
25-Oct-21 10:03:20 - Parsed 50 tenders for customer
25-Oct-21 10:03:25 - Parsed 50 tenders for customer
25-Oct-21 10:03:31 - Parsed 50 tenders for customer
25-Oct-21 10:03:33 - Parsed 50 tenders for customer
25-Oct-21 10:03:36 - Parsed 50 tenders for customer
25-Oct-21 10:03:42 - Parsed 50 tenders for customer
25-Oct-21 10:03:48 - Parsed 50 tenders for customer
25-Oct-21 10:03:51 - Parsed 34 tenders for customer
25-Oct-21 10:03:53 - Parsed 17 tenders for customer
25-Oct-21 10:03:57 - Parsed 26 tenders for customer
25-Oct-21 10:04:01 - Parsed 9 tenders for customer
25-Oct-21 10:04:04 - Parsed 50 tenders for customer
25-Oct-21 10:04:09 - Parsed 50 tenders for customer
25-Oct-21 10:04:14 - Parsed 50 tenders for customer
25-Oct-21 10:04:17 - Parsed 50 tenders for customer
25-Oct-21 10:04:19 - Parsed 50 tenders for customer
25-Oct-21 10:04:25 - Parsed 50 tenders for customer
25-Oct-21 10:04:30 - Parsed 50 tenders for customer
25-Oct-21 10:04:34 - Parsed 50 tenders for customer
25-Oct-21 10:04:39 - Parsed 50 tenders for customer
25-Oct-21 10:04:42 - Parsed 24 tenders for customer
25-Oct-21 10:04:42 - File D:\USERDATA\Documents\4git\tenders\out\25-10-2021_10-04_zg_139.xlsx was successfully saved
25-Oct-21 10:04:49 - File was sended to ['139@rinova.ru'], blind copy: 105@di01.ru
25-Oct-21 10:04:49 - ==============================================
26-Oct-21 10:00:12 - Parsed 50 tenders for customer
26-Oct-21 10:00:16 - Parsed 50 tenders for customer
26-Oct-21 10:00:19 - Parsed 50 tenders for customer
26-Oct-21 10:00:25 - Parsed 50 tenders for customer
26-Oct-21 10:00:30 - Parsed 50 tenders for customer
26-Oct-21 10:00:33 - Parsed 50 tenders for customer
26-Oct-21 10:00:38 - Parsed 50 tenders for customer
26-Oct-21 10:00:43 - Parsed 29 tenders for customer
26-Oct-21 10:00:46 - Parsed 19 tenders for customer
26-Oct-21 10:00:51 - Parsed 50 tenders for customer
26-Oct-21 10:00:56 - Parsed 50 tenders for customer
26-Oct-21 10:01:00 - Parsed 50 tenders for customer
26-Oct-21 10:01:02 - Parsed 38 tenders for customer
26-Oct-21 10:01:08 - Parsed 50 tenders for customer
26-Oct-21 10:01:13 - Parsed 50 tenders for customer
26-Oct-21 10:01:17 - Parsed 50 tenders for customer
26-Oct-21 10:01:20 - Parsed 50 tenders for customer
26-Oct-21 10:01:26 - Parsed 50 tenders for customer
26-Oct-21 10:01:31 - Parsed 50 tenders for customer
26-Oct-21 10:01:37 - Parsed 50 tenders for customer
26-Oct-21 10:01:40 - Parsed 50 tenders for customer
26-Oct-21 10:01:45 - Parsed 50 tenders for customer
26-Oct-21 10:01:51 - Parsed 50 tenders for customer
26-Oct-21 10:01:56 - Parsed 50 tenders for customer
26-Oct-21 10:02:01 - Parsed 50 tenders for customer
26-Oct-21 10:02:04 - Parsed 50 tenders for customer
26-Oct-21 10:02:10 - Parsed 50 tenders for customer
26-Oct-21 10:02:15 - Parsed 50 tenders for customer
26-Oct-21 10:02:20 - Parsed 50 tenders for customer
26-Oct-21 10:02:24 - Parsed 50 tenders for customer
26-Oct-21 10:02:29 - Parsed 50 tenders for customer
26-Oct-21 10:02:35 - Parsed 50 tenders for customer
26-Oct-21 10:02:37 - Parsed 5 tenders for customer
26-Oct-21 10:02:40 - Parsed 50 tenders for customer
26-Oct-21 10:02:43 - Parsed 50 tenders for customer
26-Oct-21 10:02:46 - Parsed 50 tenders for customer
26-Oct-21 10:02:51 - Parsed 50 tenders for customer
26-Oct-21 10:02:54 - Parsed 50 tenders for customer
26-Oct-21 10:02:57 - Parsed 50 tenders for customer
26-Oct-21 10:03:00 - Parsed 50 tenders for customer
26-Oct-21 10:03:06 - Parsed 50 tenders for customer
26-Oct-21 10:03:09 - Parsed 50 tenders for customer
26-Oct-21 10:03:12 - Parsed 50 tenders for customer
26-Oct-21 10:03:16 - Parsed 50 tenders for customer
26-Oct-21 10:03:19 - Parsed 50 tenders for customer
26-Oct-21 10:03:24 - Parsed 50 tenders for customer
26-Oct-21 10:03:27 - Parsed 50 tenders for customer
26-Oct-21 10:03:29 - Parsed 50 tenders for customer
26-Oct-21 10:03:34 - Parsed 32 tenders for customer
26-Oct-21 10:03:36 - Parsed 17 tenders for customer
26-Oct-21 10:03:39 - Parsed 28 tenders for customer
26-Oct-21 10:03:43 - Parsed 9 tenders for customer
26-Oct-21 10:03:49 - Parsed 50 tenders for customer
26-Oct-21 10:03:51 - Parsed 50 tenders for customer
26-Oct-21 10:03:56 - Parsed 50 tenders for customer
26-Oct-21 10:03:59 - Parsed 50 tenders for customer
26-Oct-21 10:04:02 - Parsed 50 tenders for customer
26-Oct-21 10:04:07 - Parsed 50 tenders for customer
26-Oct-21 10:04:13 - Parsed 50 tenders for customer
26-Oct-21 10:04:18 - Parsed 50 tenders for customer
26-Oct-21 10:04:20 - Parsed 50 tenders for customer
26-Oct-21 10:04:23 - Parsed 17 tenders for customer
26-Oct-21 10:04:23 - File D:\USERDATA\Documents\4git\tenders\out\26-10-2021_10-04_zg_139.xlsx was successfully saved
26-Oct-21 10:04:25 - File was sended to ['139@rinova.ru'], blind copy: 105@di01.ru
26-Oct-21 10:04:25 - ==============================================
27-Oct-21 10:00:09 - Parsed 50 tenders for customer
27-Oct-21 10:00:16 - Parsed 50 tenders for customer
27-Oct-21 10:00:20 - Parsed 50 tenders for customer
27-Oct-21 10:00:24 - Parsed 50 tenders for customer
27-Oct-21 10:00:31 - Parsed 50 tenders for customer
27-Oct-21 10:00:34 - Parsed 50 tenders for customer
27-Oct-21 10:00:41 - Parsed 50 tenders for customer
27-Oct-21 10:00:46 - Parsed 34 tenders for customer
27-Oct-21 10:00:49 - Parsed 22 tenders for customer
27-Oct-21 10:00:55 - Parsed 50 tenders for customer
27-Oct-21 10:00:58 - Parsed 50 tenders for customer
27-Oct-21 10:01:03 - Parsed 50 tenders for customer
27-Oct-21 10:01:06 - Parsed 47 tenders for customer
27-Oct-21 10:01:12 - Parsed 50 tenders for customer
27-Oct-21 10:01:20 - Parsed 50 tenders for customer
27-Oct-21 10:01:24 - Parsed 50 tenders for customer
27-Oct-21 10:01:27 - Parsed 50 tenders for customer
27-Oct-21 10:01:33 - Parsed 50 tenders for customer
27-Oct-21 10:01:36 - Parsed 50 tenders for customer
27-Oct-21 10:01:41 - Parsed 50 tenders for customer
27-Oct-21 10:01:46 - Parsed 50 tenders for customer
27-Oct-21 10:01:52 - Parsed 50 tenders for customer
27-Oct-21 10:01:55 - Parsed 50 tenders for customer
27-Oct-21 10:01:58 - Parsed 50 tenders for customer
27-Oct-21 10:02:01 - Parsed 50 tenders for customer
27-Oct-21 10:02:07 - Parsed 50 tenders for customer
27-Oct-21 10:02:13 - Parsed 50 tenders for customer
27-Oct-21 10:02:16 - Parsed 50 tenders for customer
27-Oct-21 10:02:22 - Parsed 50 tenders for customer
27-Oct-21 10:02:28 - Parsed 50 tenders for customer
27-Oct-21 10:02:31 - Parsed 50 tenders for customer
27-Oct-21 10:02:35 - Parsed 50 tenders for customer
27-Oct-21 10:02:39 - Parsed 9 tenders for customer
27-Oct-21 10:02:44 - Parsed 50 tenders for customer
27-Oct-21 10:02:49 - Parsed 50 tenders for customer
27-Oct-21 10:02:52 - Parsed 50 tenders for customer
27-Oct-21 10:02:57 - Parsed 50 tenders for customer
27-Oct-21 10:03:02 - Parsed 50 tenders for customer
27-Oct-21 10:03:05 - Parsed 50 tenders for customer
27-Oct-21 10:03:10 - Parsed 50 tenders for customer
27-Oct-21 10:03:15 - Parsed 50 tenders for customer
27-Oct-21 10:03:18 - Parsed 50 tenders for customer
27-Oct-21 10:03:21 - Parsed 50 tenders for customer
27-Oct-21 10:03:24 - Parsed 50 tenders for customer
27-Oct-21 10:03:27 - Parsed 50 tenders for customer
27-Oct-21 10:03:32 - Parsed 50 tenders for customer
27-Oct-21 10:03:35 - Parsed 50 tenders for customer
27-Oct-21 10:03:40 - Parsed 50 tenders for customer
27-Oct-21 10:03:43 - Parsed 22 tenders for customer
27-Oct-21 10:03:47 - Parsed 20 tenders for customer
27-Oct-21 10:03:51 - Parsed 29 tenders for customer
27-Oct-21 10:03:55 - Parsed 9 tenders for customer
27-Oct-21 10:04:00 - Parsed 50 tenders for customer
27-Oct-21 10:04:05 - Parsed 50 tenders for customer
27-Oct-21 10:04:12 - Parsed 50 tenders for customer
27-Oct-21 10:04:15 - Parsed 50 tenders for customer
27-Oct-21 10:04:21 - Parsed 50 tenders for customer
27-Oct-21 10:04:26 - Parsed 50 tenders for customer
27-Oct-21 10:04:29 - Parsed 50 tenders for customer
27-Oct-21 10:04:32 - Parsed 50 tenders for customer
27-Oct-21 10:04:35 - Parsed 50 tenders for customer
27-Oct-21 10:04:39 - Parsed 17 tenders for customer
27-Oct-21 10:04:39 - File D:\USERDATA\Documents\4git\tenders\out\27-10-2021_10-04_zg_139.xlsx was successfully saved
27-Oct-21 10:04:41 - File was sended to ['139@rinova.ru'], blind copy: 105@di01.ru
27-Oct-21 10:04:41 - ==============================================
28-Oct-21 10:00:12 - Parsed 50 tenders for customer
28-Oct-21 10:00:19 - Parsed 50 tenders for customer
28-Oct-21 10:00:22 - Parsed 50 tenders for customer
28-Oct-21 10:00:25 - Parsed 50 tenders for customer
28-Oct-21 10:00:29 - Parsed 50 tenders for customer
28-Oct-21 10:00:35 - Parsed 50 tenders for customer
28-Oct-21 10:00:38 - Parsed 50 tenders for customer
28-Oct-21 10:00:43 - Parsed 37 tenders for customer
28-Oct-21 10:00:48 - Parsed 25 tenders for customer
28-Oct-21 10:00:54 - Parsed 50 tenders for customer
28-Oct-21 10:00:56 - Parsed 50 tenders for customer
28-Oct-21 10:00:59 - Parsed 50 tenders for customer
28-Oct-21 10:01:02 - Parsed 50 tenders for customer
28-Oct-21 10:01:05 - Parsed 2 tenders for customer
28-Oct-21 10:01:12 - Parsed 50 tenders for customer
28-Oct-21 10:01:18 - Parsed 50 tenders for customer
28-Oct-21 10:01:27 - Parsed 50 tenders for customer
28-Oct-21 10:01:31 - Parsed 50 tenders for customer
28-Oct-21 10:01:36 - Parsed 50 tenders for customer
28-Oct-21 10:01:42 - Parsed 50 tenders for customer
28-Oct-21 10:01:45 - Parsed 50 tenders for customer
28-Oct-21 10:01:48 - Parsed 50 tenders for customer
28-Oct-21 10:01:51 - Parsed 50 tenders for customer
28-Oct-21 10:01:55 - Parsed 50 tenders for customer
28-Oct-21 10:01:58 - Parsed 50 tenders for customer
28-Oct-21 10:02:03 - Parsed 50 tenders for customer
28-Oct-21 10:02:09 - Parsed 50 tenders for customer
28-Oct-21 10:02:14 - Parsed 50 tenders for customer
28-Oct-21 10:02:20 - Parsed 50 tenders for customer
28-Oct-21 10:02:23 - Parsed 50 tenders for customer
28-Oct-21 10:02:29 - Parsed 50 tenders for customer
28-Oct-21 10:02:34 - Parsed 50 tenders for customer
28-Oct-21 10:02:37 - Parsed 50 tenders for customer
28-Oct-21 10:02:43 - Parsed 26 tenders for customer
28-Oct-21 10:02:49 - Parsed 50 tenders for customer
28-Oct-21 10:02:51 - Parsed 50 tenders for customer
28-Oct-21 10:02:54 - Parsed 50 tenders for customer
28-Oct-21 10:02:57 - Parsed 50 tenders for customer
28-Oct-21 10:03:01 - Parsed 50 tenders for customer
28-Oct-21 10:03:04 - Parsed 50 tenders for customer
28-Oct-21 10:03:07 - Parsed 50 tenders for customer
28-Oct-21 10:03:12 - Parsed 50 tenders for customer
28-Oct-21 10:03:17 - Parsed 50 tenders for customer
28-Oct-21 10:03:20 - Parsed 50 tenders for customer
28-Oct-21 10:03:23 - Parsed 50 tenders for customer
28-Oct-21 10:03:26 - Parsed 50 tenders for customer
28-Oct-21 10:03:31 - Parsed 50 tenders for customer
28-Oct-21 10:03:36 - Parsed 50 tenders for customer
28-Oct-21 10:03:38 - Parsed 50 tenders for customer
28-Oct-21 10:03:44 - Parsed 40 tenders for customer
28-Oct-21 10:03:48 - Parsed 20 tenders for customer
28-Oct-21 10:03:52 - Parsed 29 tenders for customer
28-Oct-21 10:03:54 - Parsed 7 tenders for customer
28-Oct-21 10:04:00 - Parsed 50 tenders for customer
28-Oct-21 10:04:05 - Parsed 50 tenders for customer
28-Oct-21 10:04:10 - Parsed 50 tenders for customer
28-Oct-21 10:04:15 - Parsed 50 tenders for customer
28-Oct-21 10:04:18 - Parsed 50 tenders for customer
28-Oct-21 10:04:21 - Parsed 50 tenders for customer
28-Oct-21 10:04:26 - Parsed 50 tenders for customer
28-Oct-21 10:04:30 - Parsed 50 tenders for customer
28-Oct-21 10:04:35 - Parsed 50 tenders for customer
28-Oct-21 10:04:37 - Parsed 19 tenders for customer
28-Oct-21 10:04:37 - File D:\USERDATA\Documents\4git\tenders\out\28-10-2021_10-04_zg_139.xlsx was successfully saved
28-Oct-21 10:04:40 - File was sended to ['139@rinova.ru'], blind copy: 105@di01.ru
28-Oct-21 10:04:40 - ==============================================
29-Oct-21 10:00:11 - Parsed 50 tenders for customer
29-Oct-21 10:00:17 - Parsed 50 tenders for customer
29-Oct-21 10:00:21 - Parsed 50 tenders for customer
29-Oct-21 10:00:25 - Parsed 50 tenders for customer
29-Oct-21 10:00:28 - Parsed 50 tenders for customer
29-Oct-21 10:00:33 - Parsed 50 tenders for customer
29-Oct-21 10:00:39 - Parsed 50 tenders for customer
29-Oct-21 10:00:42 - Parsed 22 tenders for customer
29-Oct-21 10:00:46 - Parsed 24 tenders for customer
29-Oct-21 10:00:50 - Parsed 50 tenders for customer
29-Oct-21 10:00:55 - Parsed 50 tenders for customer
29-Oct-21 10:00:58 - Parsed 50 tenders for customer
29-Oct-21 10:01:01 - Parsed 50 tenders for customer
29-Oct-21 10:01:05 - Parsed 8 tenders for customer
29-Oct-21 10:01:11 - Parsed 50 tenders for customer
29-Oct-21 10:01:18 - Parsed 50 tenders for customer
29-Oct-21 10:01:24 - Parsed 50 tenders for customer
29-Oct-21 10:01:28 - Parsed 50 tenders for customer
29-Oct-21 10:01:31 - Parsed 50 tenders for customer
29-Oct-21 10:01:37 - Parsed 50 tenders for customer
29-Oct-21 10:01:40 - Parsed 50 tenders for customer
29-Oct-21 10:01:43 - Parsed 50 tenders for customer
29-Oct-21 10:01:47 - Parsed 50 tenders for customer
29-Oct-21 10:01:53 - Parsed 50 tenders for customer
29-Oct-21 10:01:56 - Parsed 50 tenders for customer
29-Oct-21 10:01:59 - Parsed 50 tenders for customer
29-Oct-21 10:02:04 - Parsed 50 tenders for customer
29-Oct-21 10:02:11 - Parsed 50 tenders for customer
29-Oct-21 10:02:17 - Parsed 50 tenders for customer
29-Oct-21 10:02:22 - Parsed 50 tenders for customer
29-Oct-21 10:02:27 - Parsed 50 tenders for customer
29-Oct-21 10:02:33 - Parsed 50 tenders for customer
29-Oct-21 10:02:36 - Parsed 50 tenders for customer
29-Oct-21 10:02:43 - Parsed 50 tenders for customer
29-Oct-21 10:02:46 - Parsed 50 tenders for customer
29-Oct-21 10:02:49 - Parsed 50 tenders for customer
29-Oct-21 10:02:52 - Parsed 50 tenders for customer
29-Oct-21 10:02:59 - Parsed 50 tenders for customer
29-Oct-21 10:03:04 - Parsed 50 tenders for customer
29-Oct-21 10:03:07 - Parsed 50 tenders for customer
29-Oct-21 10:03:10 - Parsed 50 tenders for customer
29-Oct-21 10:03:13 - Parsed 50 tenders for customer
29-Oct-21 10:03:17 - Parsed 50 tenders for customer
29-Oct-21 10:03:24 - Parsed 50 tenders for customer
29-Oct-21 10:03:27 - Parsed 50 tenders for customer
29-Oct-21 10:03:30 - Parsed 50 tenders for customer
29-Oct-21 10:03:33 - Parsed 50 tenders for customer
29-Oct-21 10:03:38 - Parsed 50 tenders for customer
29-Oct-21 10:03:41 - Parsed 50 tenders for customer
29-Oct-21 10:03:43 - Parsed 50 tenders for customer
29-Oct-21 10:03:46 - Parsed 16 tenders for customer
29-Oct-21 10:03:50 - Parsed 20 tenders for customer
29-Oct-21 10:03:54 - Parsed 33 tenders for customer
29-Oct-21 10:03:58 - Parsed 6 tenders for customer
29-Oct-21 10:04:01 - Parsed 50 tenders for customer
29-Oct-21 10:04:05 - Parsed 50 tenders for customer
29-Oct-21 10:04:10 - Parsed 50 tenders for customer
29-Oct-21 10:04:16 - Parsed 50 tenders for customer
29-Oct-21 10:04:21 - Parsed 50 tenders for customer
29-Oct-21 10:04:23 - Parsed 50 tenders for customer
29-Oct-21 10:04:26 - Parsed 50 tenders for customer
29-Oct-21 10:04:29 - Parsed 50 tenders for customer
29-Oct-21 10:04:31 - Parsed 50 tenders for customer
29-Oct-21 10:04:37 - Parsed 33 tenders for customer
01-Nov-21 10:02:29 - Parsed 50 tenders for customer
01-Nov-21 10:02:41 - Parsed 50 tenders for customer
01-Nov-21 10:02:44 - Parsed 50 tenders for customer
01-Nov-21 10:02:46 - Parsed 50 tenders for customer
01-Nov-21 10:02:49 - Parsed 50 tenders for customer
01-Nov-21 10:02:55 - Parsed 50 tenders for customer
01-Nov-21 10:02:58 - Parsed 50 tenders for customer
01-Nov-21 10:03:03 - Parsed 50 tenders for customer
01-Nov-21 10:03:05 - Parsed 6 tenders for customer
01-Nov-21 10:03:10 - Parsed 22 tenders for customer
01-Nov-21 10:03:17 - Parsed 50 tenders for customer
01-Nov-21 10:03:23 - Parsed 50 tenders for customer
01-Nov-21 10:03:26 - Parsed 50 tenders for customer
01-Nov-21 10:03:31 - Parsed 50 tenders for customer
01-Nov-21 10:03:35 - Parsed 32 tenders for customer
01-Nov-21 10:03:43 - Parsed 50 tenders for customer
01-Nov-21 10:03:50 - Parsed 50 tenders for customer
01-Nov-21 10:03:57 - Parsed 50 tenders for customer
01-Nov-21 10:04:02 - Parsed 50 tenders for customer
01-Nov-21 10:04:05 - Parsed 50 tenders for customer
01-Nov-21 10:04:10 - Parsed 50 tenders for customer
01-Nov-21 10:04:13 - Parsed 50 tenders for customer
01-Nov-21 10:04:16 - Parsed 50 tenders for customer
01-Nov-21 10:04:22 - Parsed 50 tenders for customer
01-Nov-21 10:04:25 - Parsed 50 tenders for customer
01-Nov-21 10:04:31 - Parsed 50 tenders for customer
01-Nov-21 10:04:35 - Parsed 50 tenders for customer
01-Nov-21 10:04:38 - Parsed 50 tenders for customer
01-Nov-21 10:04:44 - Parsed 50 tenders for customer
01-Nov-21 10:04:47 - Parsed 50 tenders for customer
01-Nov-21 10:04:54 - Parsed 50 tenders for customer
01-Nov-21 10:04:57 - Parsed 50 tenders for customer
01-Nov-21 10:05:03 - Parsed 50 tenders for customer
01-Nov-21 10:05:09 - Parsed 50 tenders for customer
01-Nov-21 10:05:16 - Parsed 50 tenders for customer
01-Nov-21 10:05:21 - Parsed 50 tenders for customer
01-Nov-21 10:05:24 - Parsed 50 tenders for customer
01-Nov-21 10:05:31 - Parsed 50 tenders for customer
01-Nov-21 10:05:34 - Parsed 50 tenders for customer
01-Nov-21 10:05:39 - Parsed 50 tenders for customer
01-Nov-21 10:05:45 - Parsed 50 tenders for customer
01-Nov-21 10:05:48 - Parsed 50 tenders for customer
01-Nov-21 10:05:53 - Parsed 50 tenders for customer
01-Nov-21 10:05:57 - Parsed 50 tenders for customer
01-Nov-21 10:06:03 - Parsed 50 tenders for customer
01-Nov-21 10:06:07 - Parsed 50 tenders for customer
01-Nov-21 10:06:10 - Parsed 50 tenders for customer
01-Nov-21 10:06:14 - Parsed 50 tenders for customer
01-Nov-21 10:06:21 - Parsed 50 tenders for customer
01-Nov-21 10:06:25 - Parsed 50 tenders for customer
01-Nov-21 10:06:31 - Parsed 50 tenders for customer
01-Nov-21 10:06:37 - Parsed 50 tenders for customer
01-Nov-21 10:06:43 - Parsed 31 tenders for customer
01-Nov-21 10:06:49 - Parsed 24 tenders for customer
01-Nov-21 10:06:55 - Parsed 34 tenders for customer
01-Nov-21 10:06:58 - Parsed 8 tenders for customer
01-Nov-21 10:07:02 - Parsed 50 tenders for customer
01-Nov-21 10:07:07 - Parsed 50 tenders for customer
01-Nov-21 10:07:10 - Parsed 50 tenders for customer
01-Nov-21 10:07:15 - Parsed 50 tenders for customer
01-Nov-21 10:07:20 - Parsed 50 tenders for customer
01-Nov-21 10:07:23 - Parsed 50 tenders for customer
01-Nov-21 10:07:26 - Parsed 50 tenders for customer
01-Nov-21 10:07:30 - Parsed 50 tenders for customer
01-Nov-21 10:07:35 - Parsed 50 tenders for customer
01-Nov-21 10:07:40 - Parsed 50 tenders for customer
01-Nov-21 10:07:44 - Parsed 31 tenders for customer
01-Nov-21 10:07:44 - File D:\USERDATA\Documents\4git\tenders\out\01-11-2021_10-07_zg_139.xlsx was successfully saved
01-Nov-21 10:07:47 - File was sended to ['139@rinova.ru'], blind copy: 105@di01.ru
01-Nov-21 10:07:47 - ==============================================
02-Nov-21 10:00:10 - Parsed 50 tenders for customer
02-Nov-21 10:00:25 - Parsed 50 tenders for customer
02-Nov-21 10:00:29 - Parsed 50 tenders for customer
02-Nov-21 10:00:32 - Parsed 50 tenders for customer
02-Nov-21 10:00:35 - Parsed 50 tenders for customer
02-Nov-21 10:00:40 - Parsed 50 tenders for customer
02-Nov-21 10:00:42 - Parsed 50 tenders for customer
02-Nov-21 10:00:45 - Parsed 50 tenders for customer
02-Nov-21 10:00:50 - Parsed 19 tenders for customer
02-Nov-21 10:00:52 - Parsed 22 tenders for customer
02-Nov-21 10:00:55 - Parsed 50 tenders for customer
02-Nov-21 10:00:58 - Parsed 50 tenders for customer
02-Nov-21 10:01:01 - Parsed 50 tenders for customer
02-Nov-21 10:01:06 - Parsed 50 tenders for customer
02-Nov-21 10:01:10 - Parsed 37 tenders for customer
02-Nov-21 10:01:18 - Parsed 50 tenders for customer
02-Nov-21 10:01:24 - Parsed 50 tenders for customer
02-Nov-21 10:01:29 - Parsed 50 tenders for customer
02-Nov-21 10:01:32 - Parsed 50 tenders for customer
02-Nov-21 10:01:35 - Parsed 50 tenders for customer
02-Nov-21 10:01:41 - Parsed 50 tenders for customer
02-Nov-21 10:01:46 - Parsed 50 tenders for customer
02-Nov-21 10:01:52 - Parsed 50 tenders for customer
02-Nov-21 10:01:54 - Parsed 50 tenders for customer
02-Nov-21 10:02:00 - Parsed 50 tenders for customer
02-Nov-21 10:02:06 - Parsed 50 tenders for customer
02-Nov-21 10:02:12 - Parsed 50 tenders for customer
02-Nov-21 10:02:19 - Parsed 50 tenders for customer
02-Nov-21 10:02:22 - Parsed 50 tenders for customer
02-Nov-21 10:02:25 - Parsed 50 tenders for customer
02-Nov-21 10:02:29 - Parsed 50 tenders for customer
02-Nov-21 10:02:34 - Parsed 50 tenders for customer
02-Nov-21 10:02:38 - Parsed 50 tenders for customer
02-Nov-21 10:02:44 - Parsed 50 tenders for customer
02-Nov-21 10:02:46 - Parsed 50 tenders for customer
02-Nov-21 10:02:51 - Parsed 50 tenders for customer
02-Nov-21 10:02:56 - Parsed 50 tenders for customer
02-Nov-21 10:03:01 - Parsed 50 tenders for customer
02-Nov-21 10:03:04 - Parsed 50 tenders for customer
02-Nov-21 10:03:07 - Parsed 50 tenders for customer
02-Nov-21 10:03:10 - Parsed 50 tenders for customer
02-Nov-21 10:03:15 - Parsed 50 tenders for customer
02-Nov-21 10:03:20 - Parsed 50 tenders for customer
02-Nov-21 10:03:23 - Parsed 50 tenders for customer
02-Nov-21 10:03:26 - Parsed 50 tenders for customer
02-Nov-21 10:03:31 - Parsed 50 tenders for customer
02-Nov-21 10:03:34 - Parsed 50 tenders for customer
02-Nov-21 10:03:40 - Parsed 50 tenders for customer
02-Nov-21 10:03:45 - Parsed 50 tenders for customer
02-Nov-21 10:03:51 - Parsed 50 tenders for customer
02-Nov-21 10:03:54 - Parsed 50 tenders for customer
02-Nov-21 10:03:59 - Parsed 50 tenders for customer
02-Nov-21 10:04:03 - Parsed 50 tenders for customer
02-Nov-21 10:04:06 - Parsed 22 tenders for customer
02-Nov-21 10:04:08 - Parsed 23 tenders for customer
02-Nov-21 10:04:12 - Parsed 37 tenders for customer
02-Nov-21 10:04:16 - Parsed 9 tenders for customer
02-Nov-21 10:04:19 - Parsed 50 tenders for customer
02-Nov-21 10:04:22 - Parsed 50 tenders for customer
02-Nov-21 10:04:24 - Parsed 50 tenders for customer
02-Nov-21 10:04:27 - Parsed 50 tenders for customer
02-Nov-21 10:04:31 - Parsed 50 tenders for customer
02-Nov-21 10:04:33 - Parsed 50 tenders for customer
02-Nov-21 10:04:38 - Parsed 50 tenders for customer
02-Nov-21 10:04:43 - Parsed 50 tenders for customer
02-Nov-21 10:04:48 - Parsed 50 tenders for customer
02-Nov-21 10:04:52 - Parsed 50 tenders for customer
02-Nov-21 10:04:55 - Parsed 50 tenders for customer
02-Nov-21 10:04:57 - Parsed 10 tenders for customer
02-Nov-21 10:04:57 - File D:\USERDATA\Documents\4git\tenders\out\02-11-2021_10-04_zg_139.xlsx was successfully saved
02-Nov-21 10:04:59 - File was sended to ['139@rinova.ru'], blind copy: 105@di01.ru
02-Nov-21 10:04:59 - ==============================================
03-Nov-21 10:00:08 - Parsed 50 tenders for customer
03-Nov-21 10:00:12 - Parsed 50 tenders for customer
03-Nov-21 10:00:15 - Parsed 50 tenders for customer
03-Nov-21 10:00:23 - Parsed 50 tenders for customer
03-Nov-21 10:00:29 - Parsed 50 tenders for customer
03-Nov-21 10:00:33 - Parsed 50 tenders for customer
03-Nov-21 10:00:36 - Parsed 50 tenders for customer
03-Nov-21 10:00:41 - Parsed 50 tenders for customer
03-Nov-21 10:00:46 - Parsed 32 tenders for customer
03-Nov-21 10:00:51 - Parsed 23 tenders for customer
03-Nov-21 10:00:54 - Parsed 50 tenders for customer
03-Nov-21 10:00:59 - Parsed 50 tenders for customer
03-Nov-21 10:01:02 - Parsed 50 tenders for customer
03-Nov-21 10:01:07 - Parsed 50 tenders for customer
03-Nov-21 10:01:12 - Parsed 50 tenders for customer
03-Nov-21 10:01:21 - Parsed 50 tenders for customer
03-Nov-21 10:01:30 - Parsed 50 tenders for customer
03-Nov-21 10:01:36 - Parsed 50 tenders for customer
03-Nov-21 10:01:39 - Parsed 50 tenders for customer
03-Nov-21 10:01:45 - Parsed 50 tenders for customer
03-Nov-21 10:01:48 - Parsed 50 tenders for customer
03-Nov-21 10:01:54 - Parsed 50 tenders for customer
03-Nov-21 10:02:00 - Parsed 50 tenders for customer
03-Nov-21 10:02:03 - Parsed 50 tenders for customer
03-Nov-21 10:02:06 - Parsed 50 tenders for customer
03-Nov-21 10:02:12 - Parsed 50 tenders for customer
03-Nov-21 10:02:18 - Parsed 50 tenders for customer
03-Nov-21 10:02:24 - Parsed 50 tenders for customer
03-Nov-21 10:02:31 - Parsed 50 tenders for customer
03-Nov-21 10:02:36 - Parsed 50 tenders for customer
03-Nov-21 10:02:42 - Parsed 50 tenders for customer
03-Nov-21 10:02:46 - Parsed 50 tenders for customer
03-Nov-21 10:02:52 - Parsed 50 tenders for customer
03-Nov-21 10:02:56 - Parsed 50 tenders for customer
03-Nov-21 10:02:59 - Parsed 50 tenders for customer
03-Nov-21 10:03:02 - Parsed 50 tenders for customer
03-Nov-21 10:03:05 - Parsed 50 tenders for customer
03-Nov-21 10:03:12 - Parsed 50 tenders for customer
03-Nov-21 10:03:14 - Parsed 50 tenders for customer
03-Nov-21 10:03:20 - Parsed 50 tenders for customer
03-Nov-21 10:03:23 - Parsed 50 tenders for customer
03-Nov-21 10:03:29 - Parsed 50 tenders for customer
03-Nov-21 10:03:31 - Parsed 50 tenders for customer
03-Nov-21 10:03:34 - Parsed 50 tenders for customer
03-Nov-21 10:03:40 - Parsed 50 tenders for customer
03-Nov-21 10:03:47 - Parsed 50 tenders for customer
03-Nov-21 10:03:52 - Parsed 50 tenders for customer
03-Nov-21 10:03:55 - Parsed 50 tenders for customer
03-Nov-21 10:03:58 - Parsed 50 tenders for customer
03-Nov-21 10:04:04 - Parsed 50 tenders for customer
03-Nov-21 10:04:09 - Parsed 50 tenders for customer
03-Nov-21 10:04:14 - Parsed 50 tenders for customer
03-Nov-21 10:04:20 - Parsed 50 tenders for customer
03-Nov-21 10:04:23 - Parsed 50 tenders for customer
03-Nov-21 10:04:26 - Parsed 24 tenders for customer
03-Nov-21 10:04:30 - Parsed 22 tenders for customer
03-Nov-21 10:04:33 - Parsed 40 tenders for customer
03-Nov-21 10:04:35 - Parsed 12 tenders for customer
03-Nov-21 10:04:38 - Parsed 50 tenders for customer
03-Nov-21 10:04:41 - Parsed 50 tenders for customer
03-Nov-21 10:04:46 - Parsed 50 tenders for customer
03-Nov-21 10:04:51 - Parsed 50 tenders for customer
03-Nov-21 10:04:54 - Parsed 50 tenders for customer
03-Nov-21 10:04:59 - Parsed 50 tenders for customer
03-Nov-21 10:05:02 - Parsed 50 tenders for customer
03-Nov-21 10:05:05 - Parsed 50 tenders for customer
03-Nov-21 10:05:08 - Parsed 50 tenders for customer
03-Nov-21 10:05:11 - Parsed 50 tenders for customer
03-Nov-21 10:05:16 - Parsed 50 tenders for customer
03-Nov-21 10:05:19 - Parsed 31 tenders for customer
03-Nov-21 10:05:19 - File D:\USERDATA\Documents\4git\tenders\out\03-11-2021_10-05_zg_139.xlsx was successfully saved
03-Nov-21 10:05:21 - File was sended to ['139@rinova.ru'], blind copy: 105@di01.ru
03-Nov-21 10:05:21 - ==============================================
08-Nov-21 10:02:27 - Parsed 50 tenders for customer
08-Nov-21 10:02:35 - Parsed 50 tenders for customer
08-Nov-21 10:02:39 - Parsed 50 tenders for customer
08-Nov-21 10:02:46 - Parsed 50 tenders for customer
08-Nov-21 10:02:50 - Parsed 50 tenders for customer
08-Nov-21 10:02:54 - Parsed 50 tenders for customer
08-Nov-21 10:03:00 - Parsed 50 tenders for customer
08-Nov-21 10:03:07 - Parsed 50 tenders for customer
08-Nov-21 10:03:13 - Parsed 50 tenders for customer
08-Nov-21 10:03:17 - Parsed 21 tenders for customer
08-Nov-21 10:03:24 - Parsed 25 tenders for customer
08-Nov-21 10:03:36 - Parsed 50 tenders for customer
08-Nov-21 10:03:40 - Parsed 50 tenders for customer
08-Nov-21 10:03:45 - Parsed 50 tenders for customer
08-Nov-21 10:03:52 - Parsed 50 tenders for customer
08-Nov-21 10:03:57 - Parsed 50 tenders for customer
08-Nov-21 10:04:01 - Parsed 7 tenders for customer
08-Nov-21 10:04:31 - Parsed 50 tenders for customer
08-Nov-21 10:05:00 - Parsed 50 tenders for customer
08-Nov-21 10:05:24 - Parsed 50 tenders for customer
08-Nov-21 10:05:27 - Parsed 50 tenders for customer
08-Nov-21 10:05:33 - Parsed 50 tenders for customer
08-Nov-21 10:05:39 - Parsed 50 tenders for customer
08-Nov-21 10:05:45 - Parsed 50 tenders for customer
08-Nov-21 10:05:52 - Parsed 50 tenders for customer
08-Nov-21 10:05:55 - Parsed 50 tenders for customer
08-Nov-21 10:06:02 - Parsed 50 tenders for customer
08-Nov-21 10:06:09 - Parsed 50 tenders for customer
08-Nov-21 10:06:14 - Parsed 50 tenders for customer
08-Nov-21 10:06:18 - Parsed 50 tenders for customer
08-Nov-21 10:06:23 - Parsed 50 tenders for customer
08-Nov-21 10:06:29 - Parsed 50 tenders for customer
08-Nov-21 10:06:36 - Parsed 50 tenders for customer
08-Nov-21 10:06:43 - Parsed 50 tenders for customer
08-Nov-21 10:06:46 - Parsed 50 tenders for customer
08-Nov-21 10:06:52 - Parsed 50 tenders for customer
08-Nov-21 10:06:58 - Parsed 50 tenders for customer
08-Nov-21 10:08:14 - Parsed 50 tenders for customer
08-Nov-21 10:08:22 - Parsed 50 tenders for customer
08-Nov-21 10:08:29 - Parsed 50 tenders for customer
08-Nov-21 10:08:34 - Parsed 50 tenders for customer
08-Nov-21 10:08:37 - Parsed 50 tenders for customer
08-Nov-21 10:08:42 - Parsed 50 tenders for customer
08-Nov-21 10:08:46 - Parsed 50 tenders for customer
08-Nov-21 10:08:49 - Parsed 50 tenders for customer
08-Nov-21 10:08:52 - Parsed 50 tenders for customer
08-Nov-21 10:08:56 - Parsed 50 tenders for customer
08-Nov-21 10:08:59 - Parsed 50 tenders for customer
08-Nov-21 10:09:05 - Parsed 50 tenders for customer
08-Nov-21 10:09:10 - Parsed 50 tenders for customer
08-Nov-21 10:09:14 - Parsed 50 tenders for customer
08-Nov-21 10:09:20 - Parsed 50 tenders for customer
08-Nov-21 10:09:25 - Parsed 50 tenders for customer
08-Nov-21 10:09:31 - Parsed 50 tenders for customer
08-Nov-21 10:09:36 - Parsed 50 tenders for customer
08-Nov-21 10:09:42 - Parsed 50 tenders for customer
08-Nov-21 10:09:47 - Parsed 50 tenders for customer
08-Nov-21 10:09:52 - Parsed 24 tenders for customer
08-Nov-21 10:09:59 - Parsed 40 tenders for customer
08-Nov-21 10:10:01 - Parsed 11 tenders for customer
08-Nov-21 10:10:18 - Parsed 50 tenders for customer
08-Nov-21 10:10:39 - Parsed 50 tenders for customer
08-Nov-21 10:10:42 - Parsed 50 tenders for customer
08-Nov-21 10:10:47 - Parsed 50 tenders for customer
08-Nov-21 10:10:53 - Parsed 50 tenders for customer
08-Nov-21 10:10:59 - Parsed 50 tenders for customer
08-Nov-21 10:11:01 - Parsed 50 tenders for customer
08-Nov-21 10:11:07 - Parsed 50 tenders for customer
08-Nov-21 10:11:12 - Parsed 50 tenders for customer
08-Nov-21 10:11:18 - Parsed 50 tenders for customer
08-Nov-21 10:11:21 - Parsed 50 tenders for customer
08-Nov-21 10:11:26 - Parsed 50 tenders for customer
08-Nov-21 10:11:28 - Parsed 10 tenders for customer
08-Nov-21 10:11:28 - File D:\USERDATA\Documents\4git\tenders\out\08-11-2021_10-11_zg_139.xlsx was successfully saved
08-Nov-21 10:11:35 - File was sended to ['139@rinova.ru'], blind copy: 105@di01.ru
08-Nov-21 10:11:35 - ==============================================
