13-Oct-21 13:45:28 - 0 active tenders for customer
13-Oct-21 13:45:28 - 0 active tenders for customer
13-Oct-21 13:45:28 - 0 active tenders for customer
13-Oct-21 15:07:58 - 0 active tenders for customer
13-Oct-21 15:07:59 - 0 active tenders for customer
13-Oct-21 15:07:59 - 0 active tenders for customer
13-Oct-21 15:10:24 - 0 active tenders for customer
13-Oct-21 15:10:24 - 0 active tenders for customer
13-Oct-21 15:10:24 - 0 active tenders for customer
13-Oct-21 15:36:20 - 0 active tenders for customer
13-Oct-21 15:36:20 - 0 active tenders for customer
13-Oct-21 15:36:21 - 0 active tenders for customer
13-Oct-21 15:37:47 - 0 active tenders for customer
13-Oct-21 15:37:47 - 0 active tenders for customer
13-Oct-21 15:37:47 - 0 active tenders for customer
13-Oct-21 15:38:18 - 0 active tenders for customer
13-Oct-21 15:38:18 - 0 active tenders for customer
13-Oct-21 15:38:18 - 0 active tenders for customer
13-Oct-21 15:38:26 - Parsed 50 tenders for customer
13-Oct-21 15:38:31 - Parsed 34 tenders for customer
13-Oct-21 15:38:39 - Parsed 35 tenders for customer
13-Oct-21 15:38:39 - File D:\USERDATA\Documents\4git\tenders\out\13-10-2021_15-38_zg_129.xlsx was successfully saved
13-Oct-21 15:38:41 - File was sended to ['104@rinova.ru'], blind copy: 105@di01.ru
13-Oct-21 15:38:41 - 0 active tenders for customer
13-Oct-21 15:38:42 - 0 active tenders for customer
13-Oct-21 15:38:42 - 0 active tenders for customer
13-Oct-21 15:38:42 - Parsed 1 tenders for customer
13-Oct-21 15:38:43 - 0 active tenders for customer
13-Oct-21 15:38:43 - 0 active tenders for customer
13-Oct-21 15:38:43 - 0 active tenders for customer
13-Oct-21 15:38:43 - 0 active tenders for customer
13-Oct-21 15:38:43 - 0 active tenders for customer
13-Oct-21 15:38:48 - Parsed 27 tenders for customer
13-Oct-21 15:38:48 - 0 active tenders for customer
13-Oct-21 15:38:48 - 0 active tenders for customer
13-Oct-21 15:38:48 - File D:\USERDATA\Documents\4git\tenders\out\13-10-2021_15-38_zg_113.xlsx was successfully saved
13-Oct-21 15:38:50 - File was sended to ['113@rinova.ru'], blind copy: 105@di01.ru
13-Oct-21 15:38:50 - 0 active tenders for customer
13-Oct-21 15:38:52 - Parsed 8 tenders for customer
13-Oct-21 15:38:52 - 0 active tenders for customer
13-Oct-21 15:38:52 - 0 active tenders for customer
13-Oct-21 15:38:53 - 0 active tenders for customer
13-Oct-21 15:38:53 - 0 active tenders for customer
13-Oct-21 15:38:53 - File D:\USERDATA\Documents\4git\tenders\out\13-10-2021_15-38_zg_104.xlsx was successfully saved
13-Oct-21 15:38:54 - File was sended to ['104@rinova.ru'], blind copy: 105@di01.ru
13-Oct-21 15:38:54 - ==============================================
